<?xml version="1.0" encoding="utf-8"?><testsuites name="pytest tests"><testsuite name="pytest" errors="0" failures="0" skipped="1" tests="29" time="71.866" timestamp="2026-08-31T18:12:04.511369+00:00" hostname="agent-env-db330c4e-7500-4426-b2cf-b5790d6f112d"><testcase classname="tests.test_fase2.TestLeads" name="test_lead_sem_lgpd_422" time="0.309" /><testcase classname="tests.test_fase2.TestImoveisPublico" name="test_lista_publica" time="0.325" /><testcase classname="tests.test_fase2.TestLeads" name="test_lead_lgpd_ausente_422" time="0.163" /><testcase classname="tests.test_fase2.TestImoveisPublico" name="test_filtro_finalidade_venda" time="0.172" /><testcase classname="tests.test_fase2.TestLeads" name="test_criar_lead_site_ok" time="0.271" /><testcase classname="tests.test_fase2.TestImoveisPublico" name="test_filtro_tipo_e_quartos" time="0.138" /><testcase classname="tests.test_fase2.TestImoveisPublico" name="test_filtro_faixa_preco" time="0.158" /><testcase classname="tests.test_fase2.TestLeads" name="test_criar_lead_agendamento_ok" time="0.168" /><testcase classname="tests.test_fase2.TestImoveisPublico" name="test_ordenar_menor_preco" time="0.145" /><testcase classname="tests.test_fase2.TestLeads" name="test_round_robin_alterna" time="0.700" /><testcase classname="tests.test_fase2.TestImoveisPublico" name="test_opcoes_filtro" time="0.237" /><testcase classname="tests.test_fase2.TestImoveisPublico" name="test_detalhe_publico_seed" time="0.360" /><testcase classname="tests.test_fase2.TestImoveisPublico" name="test_estado_vazio" time="0.173" /><testcase classname="tests.test_fase2.TestLeads" name="test_round_robin_desligado_usa_padrao" time="0.749" /><testcase classname="tests.test_fase2.TestSiteConfig" name="test_config_publica_ok" time="0.146" /><testcase classname="tests.test_fase2.TestSiteConfig" name="test_config_completa_requer_auth" time="0.185" /><testcase classname="tests.test_fase2.TestSiteConfig" name="test_config_completa_admin" time="0.089" /><testcase classname="tests.test_fase2.TestSiteConfig" name="test_config_corretor_403" time="0.493" /><testcase classname="tests.test_fase2.TestLandingPages" name="test_lp_publicada_existe" time="0.164" /><testcase classname="tests.test_fase2.TestLandingPages" name="test_lp_rascunho_404" time="0.232" /><testcase classname="tests.test_fase2.TestLandingPages" name="test_lp_lead_origem_landing_page" time="0.168" /><testcase classname="tests.test_fase2.TestBlog" name="test_lista_publica_apenas_publicados" time="0.151" /><testcase classname="tests.test_fase2.TestBlog" name="test_crud_post_rascunho_nao_aparece" time="0.725" /><testcase classname="tests.test_fase2.TestSEO" name="test_sitemap_xml" time="0.175" /><testcase classname="tests.test_fase2.TestSEO" name="test_robots_txt" time="0.180" /><testcase classname="tests.test_fase2.TestCalculadora" name="test_taxa_exemplo_default_10" time="0.220" /><testcase classname="tests.test_fase2.TestImoveisPainelRBAC" name="test_corretor_ve_apenas_proprios" time="69.021" /><testcase classname="tests.test_fase2.TestImoveisPainelRBAC" name="test_corretor_nao_edita_de_outros" time="0.001"><skipped type="pytest.skip" message="Não há imóvel de outro corretor">/app/backend/tests/test_fase2.py:240: Não há imóvel de outro corretor</skipped></testcase><testcase classname="tests.test_fase2.TestImoveisPainelRBAC" name="test_criar_editar_imovel_admin" time="0.190" /></testsuite></testsuites>