<?xml version="1.0" encoding="utf-8"?><testsuites name="pytest tests"><testsuite name="pytest" errors="0" failures="0" skipped="0" tests="16" time="4.445" timestamp="2026-08-31T18:40:31.739479+00:00" hostname="agent-env-db330c4e-7500-4426-b2cf-b5790d6f112d"><testcase classname="tests.test_fase3.TestIA" name="test_ia_requer_auth" time="0.394" /><testcase classname="tests.test_fase3.TestCMSAmpliado" name="test_config_publica_traz_novas_chaves" time="0.372" /><testcase classname="tests.test_fase3.TestIA" name="test_ia_texto_curto_422" time="0.615" /><testcase classname="tests.test_fase3.TestIA" name="test_ia_texto_vazio_422" time="0.081" /><testcase classname="tests.test_fase3.TestCMSAmpliado" name="test_admin_edita_banner_e_menu_e_reflete" time="1.187" /><testcase classname="tests.test_fase3.TestIA" name="test_ia_melhora_texto_ok" time="0.081" /><testcase classname="tests.test_fase3.TestUploads" name="test_upload_sem_auth_401" time="0.287" /><testcase classname="tests.test_fase3.TestUploads" name="test_upload_arquivo_texto_422" time="0.081" /><testcase classname="tests.test_fase3.TestUploads" name="test_upload_png_e_download" time="0.559" /><testcase classname="tests.test_fase3.TestCMSAmpliado" name="test_politica_privacidade_editavel" time="0.650" /><testcase classname="tests.test_fase3.TestLPBlocos" name="test_criar_lp_com_blocos_e_ordem" time="0.268" /><testcase classname="tests.test_fase3.TestCMSAmpliado" name="test_depoimentos_formato_double_colon" time="0.418" /><testcase classname="tests.test_fase3.TestLPBlocos" name="test_lp_existente_cobertura_itaim_ok" time="0.176" /><testcase classname="tests.test_fase3.TestCMSAmpliado" name="test_emails_notificacao_salva_como_array" time="0.363" /><testcase classname="tests.test_fase3.TestCMSAmpliado" name="test_corretor_403_config_completa" time="0.478" /><testcase classname="tests.test_fase3.TestCMSAmpliado" name="test_corretor_403_put_config" time="0.079" /></testsuite></testsuites>