<?xml version="1.0" encoding="utf-8"?><testsuites name="pytest tests"><testsuite name="pytest" errors="0" failures="0" skipped="0" tests="26" time="3.693" timestamp="2026-08-31T19:06:06.436219+00:00" hostname="agent-env-db330c4e-7500-4426-b2cf-b5790d6f112d"><testcase classname="tests.test_fase4_crm.TestListarLeadsRBAC" name="test_admin_ve_todos" time="1.034" /><testcase classname="tests.test_fase4_crm.TestMudarEtapa" name="test_mudar_para_conversando" time="1.116" /><testcase classname="tests.test_fase4_crm.TestMudarEtapa" name="test_negocio_fechado_aceito" time="0.093" /><testcase classname="tests.test_fase4_crm.TestMudarEtapa" name="test_etapa_antiga_fechado_rejeitada" time="0.292" /><testcase classname="tests.test_fase4_crm.TestListarLeadsRBAC" name="test_gestor_ve_todos" time="0.540" /><testcase classname="tests.test_fase4_crm.TestMudarEtapa" name="test_descartado_sem_motivo_422" time="0.095" /><testcase classname="tests.test_fase4_crm.TestMudarEtapa" name="test_descartado_motivo_invalido_422" time="0.076" /><testcase classname="tests.test_fase4_crm.TestMudarEtapa" name="test_descartado_motivo_valido" time="0.391" /><testcase classname="tests.test_fase4_crm.TestListarLeadsRBAC" name="test_corretor_ve_so_seus" time="0.510" /><testcase classname="tests.test_fase4_crm.TestMudarEtapa" name="test_corretor_nao_move_lead_alheio" time="0.080" /><testcase classname="tests.test_fase4_crm.TestListarLeadsRBAC" name="test_busca_por_nome" time="0.148" /><testcase classname="tests.test_fase4_crm.TestAtividades" name="test_criar_anotacao" time="0.191" /><testcase classname="tests.test_fase4_crm.TestDetalheLead" name="test_admin_ve_qualquer" time="0.109" /><testcase classname="tests.test_fase4_crm.TestAtividades" name="test_criar_ligacao" time="0.074" /><testcase classname="tests.test_fase4_crm.TestDetalheLead" name="test_corretor_pode_ver_seu" time="0.087" /><testcase classname="tests.test_fase4_crm.TestAtividades" name="test_tipo_invalido_422" time="0.100" /><testcase classname="tests.test_fase4_crm.TestDetalheLead" name="test_corretor_403_lead_alheio" time="0.120" /><testcase classname="tests.test_fase4_crm.TestAtividades" name="test_corretor_nao_registra_em_lead_alheio" time="0.083" /><testcase classname="tests.test_fase4_crm.TestDetalheLead" name="test_lead_inexistente_404" time="0.130" /><testcase classname="tests.test_fase4_crm.TestReatribuir" name="test_corretor_nao_pode_reatribuir" time="0.085" /><testcase classname="tests.test_fase4_crm.TestMotivosDescarte" name="test_get_motivos_padrao" time="0.099" /><testcase classname="tests.test_fase4_crm.TestReatribuir" name="test_admin_reatribui" time="0.187" /><testcase classname="tests.test_fase4_crm.TestMotivosDescarte" name="test_motivos_requer_auth" time="0.208" /><testcase classname="tests.test_fase4_crm.TestReatribuir" name="test_reatribuir_corretor_inexistente_404" time="0.092" /><testcase classname="tests.test_fase4_crm.TestEnumMigrado" name="test_nenhum_lead_com_fechado_antigo" time="0.004" /><testcase classname="tests.test_fase4_crm.TestCriarLeadIntegracao" name="test_novo_lead_entra_kanban" time="0.172" /></testsuite></testsuites>