<?xml version="1.0" encoding="utf-8"?><testsuites name="pytest tests"><testsuite name="pytest" errors="0" failures="0" skipped="2" tests="20" time="14.115" timestamp="2026-09-01T15:02:52.686314+00:00" hostname="agent-env-db330c4e-7500-4426-b2cf-b5790d6f112d"><testcase classname="tests.test_fase6_ia_taxas.TestTaxasPermissoes" name="test_listar_taxas_admin" time="0.819" /><testcase classname="tests.test_fase6_ia_taxas.TestInsightsLead" name="test_lead_inexistente_404" time="0.939" /><testcase classname="tests.test_fase6_ia_taxas.TestInsightsLead" name="test_lead_invalido_404" time="0.275" /><testcase classname="tests.test_fase6_ia_taxas.TestTaxasPermissoes" name="test_listar_taxas_gestor" time="0.505" /><testcase classname="tests.test_fase6_ia_taxas.TestInsightsLead" name="test_admin_gera_insights_e_corretor_nao_ve_alheio" time="0.618"><skipped type="pytest.skip" message="listar leads: 405">/app/backend/tests/test_fase6_ia_taxas.py:78: listar leads: 405</skipped></testcase><testcase classname="tests.test_fase6_ia_taxas.TestTaxasPermissoes" name="test_listar_taxas_corretor_403" time="0.568" /><testcase classname="tests.test_fase6_ia_taxas.TestCalculadoraTaxa" name="test_default_cef_mcmv_sac" time="0.146" /><testcase classname="tests.test_fase6_ia_taxas.TestTaxasPermissoes" name="test_status_scraping_somente_admin" time="0.227" /><testcase classname="tests.test_fase6_ia_taxas.TestCalculadoraTaxa" name="test_inter_price" time="0.205" /><testcase classname="tests.test_fase6_ia_taxas.TestCron" name="test_sem_token_401" time="0.177" /><testcase classname="tests.test_fase6_ia_taxas.TestCalculadoraTaxa" name="test_banco_inexistente_cai_para_exemplo" time="0.165" /><testcase classname="tests.test_fase6_ia_taxas.TestCron" name="test_token_invalido_401" time="0.127" /><testcase classname="tests.test_fase6_ia_taxas.TestIAMelhorarDescricao" name="test_texto_curto_422" time="0.134" /><testcase classname="tests.test_fase6_ia_taxas.TestCron" name="test_token_correto_ok_e_duplicado" time="0.449" /><testcase classname="tests.test_fase6_ia_taxas.TestIAMelhorarDescricao" name="test_texto_valido_preserva_fatos" time="4.336" /><testcase classname="tests.test_fase6_ia_taxas.TestInsightsDashboard" name="test_admin" time="4.825" /><testcase classname="tests.test_fase6_ia_taxas.TestRecomendados" name="test_sem_id" time="0.144" /><testcase classname="tests.test_fase6_ia_taxas.TestRecomendados" name="test_com_id_nao_inclui_self" time="0.149"><skipped type="pytest.skip" message="listar imoveis">/app/backend/tests/test_fase6_ia_taxas.py:241: listar imoveis</skipped></testcase><testcase classname="tests.test_fase6_ia_taxas.TestInsightsDashboard" name="test_corretor" time="4.756" /><testcase classname="tests.test_fase6_ia_taxas.TestTaxaManual" name="test_validacoes_e_sobrepoe_e_cleanup" time="0.735" /></testsuite></testsuites>