<?xml version="1.0" encoding="utf-8"?><testsuites name="pytest tests"><testsuite name="pytest" errors="0" failures="0" skipped="0" tests="13" time="4.387" timestamp="2026-08-31T19:25:08.396865+00:00" hostname="agent-env-db330c4e-7500-4426-b2cf-b5790d6f112d"><testcase classname="tests.test_fase5_dashboard" name="test_shape_metricas_30dias" time="0.582" /><testcase classname="tests.test_fase5_dashboard" name="test_periodo_7dias" time="0.099" /><testcase classname="tests.test_fase5_dashboard" name="test_periodo_todo" time="0.072" /><testcase classname="tests.test_fase5_dashboard" name="test_rbac_corretor_por_corretor_null" time="0.634" /><testcase classname="tests.test_fase5_dashboard" name="test_rbac_admin_ve_por_corretor" time="0.103" /><testcase classname="tests.test_fase5_dashboard" name="test_rbac_corretor_nao_pode_ver_outro" time="0.658" /><testcase classname="tests.test_fase5_dashboard" name="test_admin_filtra_corretor_especifico" time="0.069" /><testcase classname="tests.test_fase5_dashboard" name="test_corretor_id_invalido_422" time="0.101" /><testcase classname="tests.test_fase5_dashboard" name="test_gestor_ve_consolidado" time="0.471" /><testcase classname="tests.test_fase5_dashboard" name="test_soma_funil_igual_total" time="0.105" /><testcase classname="tests.test_fase5_dashboard" name="test_percentuais_funil" time="0.118" /><testcase classname="tests.test_fase5_dashboard" name="test_sem_auth_401" time="0.174" /><testcase classname="tests.test_fase5_dashboard" name="test_funil_reflete_movimento" time="0.417" /></testsuite></testsuites>