<?xml version="1.0" encoding="utf-8"?><testsuites name="pytest tests"><testsuite name="pytest" errors="0" failures="0" skipped="0" tests="24" time="5.571" timestamp="2026-08-31T16:21:07.111755+00:00" hostname="agent-env-db330c4e-7500-4426-b2cf-b5790d6f112d"><testcase classname="tests.backend_test.TestAuth" name="test_login_admin_ok" time="0.510" /><testcase classname="tests.backend_test.TestAuth" name="test_login_gestor_ok" time="0.507" /><testcase classname="tests.backend_test.TestAuth" name="test_login_corretor_ok" time="0.468" /><testcase classname="tests.backend_test.TestUsuariosCRUD" name="test_gestor_cria_corretor_e_get" time="1.501" /><testcase classname="tests.backend_test.TestAuth" name="test_login_senha_errada_pt_br" time="0.411" /><testcase classname="tests.backend_test.TestUsuariosCRUD" name="test_email_duplicado_409" time="0.113" /><testcase classname="tests.backend_test.TestUsuariosCRUD" name="test_editar_usuario" time="0.288" /><testcase classname="tests.backend_test.TestUsuariosCRUD" name="test_desativar_e_reativar" time="0.692" /><testcase classname="tests.backend_test.TestAuth" name="test_auth_me" time="0.580" /><testcase classname="tests.backend_test.TestAuth" name="test_refresh" time="0.067" /><testcase classname="tests.backend_test.TestAuth" name="test_logout" time="0.803" /><testcase classname="tests.backend_test.TestUsuariosCRUD" name="test_busca_por_email" time="0.093" /><testcase classname="tests.backend_test.TestRBAC" name="test_corretor_lista_usuarios_403" time="0.611" /><testcase classname="tests.backend_test.TestRBAC" name="test_gestor_lista_usuarios_ok" time="0.097" /><testcase classname="tests.backend_test.TestAuth" name="test_me_sem_auth" time="0.138" /><testcase classname="tests.backend_test.TestMongoDB" name="test_colecoes_existem" time="0.014" /><testcase classname="tests.backend_test.TestMongoDB" name="test_validators_configurados" time="0.001" /><testcase classname="tests.backend_test.TestMongoDB" name="test_indice_unico_email" time="0.001" /><testcase classname="tests.backend_test.TestMongoDB" name="test_admin_bcrypt_hash" time="0.002" /><testcase classname="tests.backend_test.TestRBAC" name="test_admin_lista_usuarios_ok" time="0.443" /><testcase classname="tests.backend_test.TestRBAC" name="test_gestor_nao_pode_criar_admin" time="0.102" /><testcase classname="tests.backend_test.TestPasswordReset" name="test_forgot_password_resposta_generica_email_cadastrado" time="0.162" /><testcase classname="tests.backend_test.TestPasswordReset" name="test_forgot_password_resposta_generica_email_nao_cadastrado" time="0.189" /><testcase classname="tests.backend_test.TestPasswordReset" name="test_reset_password_token_invalido" time="0.145" /></testsuite></testsuites>